  Bank System Project (OOP).cpp
C:\Users\DELL\Desktop\Programming Advices\Projects\Bank System Project (OOP)\Bank System Project (OOP)\clsString.h(34,19): warning C4267: 'return': conversion from 'size_t' to 'short', possible loss of data
  (compiling source file 'Bank%20System%20Project%20(OOP).cpp')
  
C:\Users\DELL\Desktop\Programming Advices\Projects\Bank System Project (OOP)\Bank System Project (OOP)\clsString.h(137,20): warning C4267: 'return': conversion from 'size_t' to 'short', possible loss of data
  (compiling source file 'Bank%20System%20Project%20(OOP).cpp')
  
C:\Users\DELL\Desktop\Programming Advices\Projects\Bank System Project (OOP)\Bank System Project (OOP)\clsString.h(230,24): warning C4267: '=': conversion from 'size_t' to 'short', possible loss of data
  (compiling source file 'Bank%20System%20Project%20(OOP).cpp')
  
C:\Users\DELL\Desktop\Programming Advices\Projects\Bank System Project (OOP)\Bank System Project (OOP)\clsString.h(251,24): warning C4267: '=': conversion from 'size_t' to 'short', possible loss of data
  (compiling source file 'Bank%20System%20Project%20(OOP).cpp')
  
C:\Users\DELL\Desktop\Programming Advices\Projects\Bank System Project (OOP)\Bank System Project (OOP)\clsString.h(273,26): warning C4267: '=': conversion from 'size_t' to 'short', possible loss of data
  (compiling source file 'Bank%20System%20Project%20(OOP).cpp')
  
C:\Users\DELL\Desktop\Programming Advices\Projects\Bank System Project (OOP)\Bank System Project (OOP)\clsString.h(305,16): warning C4267: 'initializing': conversion from 'size_t' to 'short', possible loss of data
  (compiling source file 'Bank%20System%20Project%20(OOP).cpp')
  
C:\Users\DELL\Desktop\Programming Advices\Projects\Bank System Project (OOP)\Bank System Project (OOP)\clsBankClient.h(29,25): warning C4244: 'argument': conversion from 'double' to 'float', possible loss of data
  (compiling source file 'Bank%20System%20Project%20(OOP).cpp')
  
C:\Users\DELL\Desktop\Programming Advices\Projects\Bank System Project (OOP)\Bank System Project (OOP)\clsDate.h(24,32): warning C4267: '=': conversion from 'size_t' to 'short', possible loss of data
  (compiling source file 'Bank%20System%20Project%20(OOP).cpp')
  
C:\Users\DELL\Desktop\Programming Advices\Projects\Bank System Project (OOP)\Bank System Project (OOP)\clsAddNewClientScreen.h(61,11): warning C4129: 'A': unrecognized character escape sequence
  (compiling source file 'Bank%20System%20Project%20(OOP).cpp')
  
C:\Users\DELL\Desktop\Programming Advices\Projects\Bank System Project (OOP)\Bank System Project (OOP)\Bank System Project (OOP).cpp(45,45): warning C4244: 'argument': conversion from 'double' to 'int', possible loss of data
C:\Users\DELL\Desktop\Programming Advices\Projects\Bank System Project (OOP)\Bank System Project (OOP)\clsUtil.h(193,1): warning C4715: 'clsUtil::NumberToText': not all control paths return a value
C:\Users\DELL\Desktop\Programming Advices\Projects\Bank System Project (OOP)\Bank System Project (OOP)\clsBankClient.h(239,1): warning C4715: 'clsBankClient::Save': not all control paths return a value
  Bank System Project (OOP).vcxproj -> C:\Users\DELL\Desktop\Programming Advices\Projects\Bank System Project (OOP)\x64\Debug\Bank System Project (OOP).exe
